2024-05-23T04:33:35+00:00 ERR (3): 
Mage_Core_Exception: Invalid block type: Mage_Adminhtml_Block_Empty_Edit_Form in C:\xampp\htdocs\1SBMagento\app\Mage.php:598
Stack trace:
#0 C:\xampp\htdocs\1SBMagento\app\code\core\Mage\Core\Model\Layout.php(495): Mage::throwException('Invalid block t...')
#1 C:\xampp\htdocs\1SBMagento\app\code\core\Mage\Core\Model\Layout.php(437): Mage_Core_Model_Layout->_getBlockInstance('Mage_Adminhtml_...', Array)
#2 C:\xampp\htdocs\1SBMagento\app\code\core\Mage\Adminhtml\Block\Widget\Form\Container.php(92): Mage_Core_Model_Layout->createBlock('adminhtml/empty...')
#3 C:\xampp\htdocs\1SBMagento\app\code\core\Mage\Core\Block\Abstract.php(297): Mage_Adminhtml_Block_Widget_Form_Container->_prepareLayout()
#4 C:\xampp\htdocs\1SBMagento\app\code\core\Mage\Core\Model\Layout.php(456): Mage_Core_Block_Abstract->setLayout(Object(Mage_Core_Model_Layout))
#5 C:\xampp\htdocs\1SBMagento\app\code\core\Mage\Core\Model\Layout.php(472): Mage_Core_Model_Layout->createBlock('productseller/a...', 'productseller_e...')
#6 C:\xampp\htdocs\1SBMagento\app\code\core\Mage\Core\Model\Layout.php(239): Mage_Core_Model_Layout->addBlock('productseller/a...', 'productseller_e...')
#7 C:\xampp\htdocs\1SBMagento\app\code\core\Mage\Core\Model\Layout.php(205): Mage_Core_Model_Layout->_generateBlock(Object(Mage_Core_Model_Layout_Element), Object(Mage_Core_Model_Layout_Element))
#8 C:\xampp\htdocs\1SBMagento\app\code\core\Mage\Core\Model\Layout.php(210): Mage_Core_Model_Layout->generateBlocks(Object(Mage_Core_Model_Layout_Element))
#9 C:\xampp\htdocs\1SBMagento\app\code\core\Mage\Core\Controller\Varien\Action.php(344): Mage_Core_Model_Layout->generateBlocks()
#10 C:\xampp\htdocs\1SBMagento\app\code\core\Mage\Core\Controller\Varien\Action.php(269): Mage_Core_Controller_Varien_Action->generateLayoutBlocks()
#11 C:\xampp\htdocs\1SBMagento\app\code\core\Mage\Adminhtml\Controller\Action.php(285): Mage_Core_Controller_Varien_Action->loadLayout(NULL, true, true)
#12 C:\xampp\htdocs\1SBMagento\app\code\local\Ccc\Productseller\controllers\Adminhtml\ProductsellerController.php(8): Mage_Adminhtml_Controller_Action->loadLayout()
#13 C:\xampp\htdocs\1SBMagento\app\code\local\Ccc\Productseller\controllers\Adminhtml\ProductsellerController.php(67): Ccc_Productseller_Adminhtml_ProductsellerController->_initAction()
#14 C:\xampp\htdocs\1SBMagento\app\code\core\Mage\Core\Controller\Varien\Action.php(418): Ccc_Productseller_Adminhtml_ProductsellerController->editAction()
#15 C:\xampp\htdocs\1SBMagento\app\code\core\Mage\Core\Controller\Varien\Router\Standard.php(254): Mage_Core_Controller_Varien_Action->dispatch('edit')
#16 C:\xampp\htdocs\1SBMagento\app\code\core\Mage\Core\Controller\Varien\Front.php(172): Mage_Core_Controller_Varien_Router_Standard->match(Object(Mage_Core_Controller_Request_Http))
#17 C:\xampp\htdocs\1SBMagento\app\code\core\Mage\Core\Model\App.php(365): Mage_Core_Controller_Varien_Front->dispatch()
#18 C:\xampp\htdocs\1SBMagento\app\Mage.php(686): Mage_Core_Model_App->run(Array)
#19 C:\xampp\htdocs\1SBMagento\index.php(83): Mage::run('', 'store')
#20 {main}
2024-05-23T05:10:28+00:00 ERR (3): 
Mage_Core_Exception: Invalid block type: Ccc_Productseller_Block_Adminhtml_Productsellr_Edit_Form in C:\xampp\htdocs\1SBMagento\app\Mage.php:598
Stack trace:
#0 C:\xampp\htdocs\1SBMagento\app\code\core\Mage\Core\Model\Layout.php(495): Mage::throwException('Invalid block t...')
#1 C:\xampp\htdocs\1SBMagento\app\code\core\Mage\Core\Model\Layout.php(437): Mage_Core_Model_Layout->_getBlockInstance('Ccc_Productsell...', Array)
#2 C:\xampp\htdocs\1SBMagento\app\code\core\Mage\Core\Model\Layout.php(472): Mage_Core_Model_Layout->createBlock('productseller/a...', 'productseller_f...')
#3 C:\xampp\htdocs\1SBMagento\app\code\core\Mage\Core\Model\Layout.php(239): Mage_Core_Model_Layout->addBlock('productseller/a...', 'productseller_f...')
#4 C:\xampp\htdocs\1SBMagento\app\code\core\Mage\Core\Model\Layout.php(205): Mage_Core_Model_Layout->_generateBlock(Object(Mage_Core_Model_Layout_Element), Object(Mage_Core_Model_Layout_Element))
#5 C:\xampp\htdocs\1SBMagento\app\code\core\Mage\Core\Model\Layout.php(206): Mage_Core_Model_Layout->generateBlocks(Object(Mage_Core_Model_Layout_Element))
#6 C:\xampp\htdocs\1SBMagento\app\code\core\Mage\Core\Model\Layout.php(210): Mage_Core_Model_Layout->generateBlocks(Object(Mage_Core_Model_Layout_Element))
#7 C:\xampp\htdocs\1SBMagento\app\code\core\Mage\Core\Controller\Varien\Action.php(344): Mage_Core_Model_Layout->generateBlocks()
#8 C:\xampp\htdocs\1SBMagento\app\code\core\Mage\Core\Controller\Varien\Action.php(269): Mage_Core_Controller_Varien_Action->generateLayoutBlocks()
#9 C:\xampp\htdocs\1SBMagento\app\code\core\Mage\Adminhtml\Controller\Action.php(285): Mage_Core_Controller_Varien_Action->loadLayout(NULL, true, true)
#10 C:\xampp\htdocs\1SBMagento\app\code\local\Ccc\Productseller\controllers\Adminhtml\ProductsellerController.php(8): Mage_Adminhtml_Controller_Action->loadLayout()
#11 C:\xampp\htdocs\1SBMagento\app\code\local\Ccc\Productseller\controllers\Adminhtml\ProductsellerController.php(113): Ccc_Productseller_Adminhtml_ProductsellerController->_initAction()
#12 C:\xampp\htdocs\1SBMagento\app\code\core\Mage\Core\Controller\Varien\Action.php(418): Ccc_Productseller_Adminhtml_ProductsellerController->editAction()
#13 C:\xampp\htdocs\1SBMagento\app\code\core\Mage\Core\Controller\Varien\Router\Standard.php(254): Mage_Core_Controller_Varien_Action->dispatch('edit')
#14 C:\xampp\htdocs\1SBMagento\app\code\core\Mage\Core\Controller\Varien\Front.php(172): Mage_Core_Controller_Varien_Router_Standard->match(Object(Mage_Core_Controller_Request_Http))
#15 C:\xampp\htdocs\1SBMagento\app\code\core\Mage\Core\Model\App.php(365): Mage_Core_Controller_Varien_Front->dispatch()
#16 C:\xampp\htdocs\1SBMagento\app\Mage.php(686): Mage_Core_Model_App->run(Array)
#17 C:\xampp\htdocs\1SBMagento\index.php(83): Mage::run('', 'store')
#18 {main}
2024-05-23T05:29:28+00:00 ERR (3): 
Mage_Core_Exception: Invalid block type: Ccc_Productseller_Block_Empty_Edit_Form in C:\xampp\htdocs\1SBMagento\app\Mage.php:598
Stack trace:
#0 C:\xampp\htdocs\1SBMagento\app\code\core\Mage\Core\Model\Layout.php(495): Mage::throwException('Invalid block t...')
#1 C:\xampp\htdocs\1SBMagento\app\code\core\Mage\Core\Model\Layout.php(437): Mage_Core_Model_Layout->_getBlockInstance('Ccc_Productsell...', Array)
#2 C:\xampp\htdocs\1SBMagento\app\code\core\Mage\Adminhtml\Block\Widget\Form\Container.php(92): Mage_Core_Model_Layout->createBlock('productseller/e...')
#3 C:\xampp\htdocs\1SBMagento\app\code\core\Mage\Core\Block\Abstract.php(297): Mage_Adminhtml_Block_Widget_Form_Container->_prepareLayout()
#4 C:\xampp\htdocs\1SBMagento\app\code\core\Mage\Core\Model\Layout.php(456): Mage_Core_Block_Abstract->setLayout(Object(Mage_Core_Model_Layout))
#5 C:\xampp\htdocs\1SBMagento\app\code\core\Mage\Core\Model\Layout.php(472): Mage_Core_Model_Layout->createBlock('productseller/a...', 'productseller_e...')
#6 C:\xampp\htdocs\1SBMagento\app\code\core\Mage\Core\Model\Layout.php(239): Mage_Core_Model_Layout->addBlock('productseller/a...', 'productseller_e...')
#7 C:\xampp\htdocs\1SBMagento\app\code\core\Mage\Core\Model\Layout.php(205): Mage_Core_Model_Layout->_generateBlock(Object(Mage_Core_Model_Layout_Element), Object(Mage_Core_Model_Layout_Element))
#8 C:\xampp\htdocs\1SBMagento\app\code\core\Mage\Core\Model\Layout.php(210): Mage_Core_Model_Layout->generateBlocks(Object(Mage_Core_Model_Layout_Element))
#9 C:\xampp\htdocs\1SBMagento\app\code\core\Mage\Core\Controller\Varien\Action.php(344): Mage_Core_Model_Layout->generateBlocks()
#10 C:\xampp\htdocs\1SBMagento\app\code\core\Mage\Core\Controller\Varien\Action.php(269): Mage_Core_Controller_Varien_Action->generateLayoutBlocks()
#11 C:\xampp\htdocs\1SBMagento\app\code\core\Mage\Adminhtml\Controller\Action.php(285): Mage_Core_Controller_Varien_Action->loadLayout(NULL, true, true)
#12 C:\xampp\htdocs\1SBMagento\app\code\local\Ccc\Productseller\controllers\Adminhtml\ProductsellerController.php(8): Mage_Adminhtml_Controller_Action->loadLayout()
#13 C:\xampp\htdocs\1SBMagento\app\code\local\Ccc\Productseller\controllers\Adminhtml\ProductsellerController.php(115): Ccc_Productseller_Adminhtml_ProductsellerController->_initAction()
#14 C:\xampp\htdocs\1SBMagento\app\code\core\Mage\Core\Controller\Varien\Action.php(418): Ccc_Productseller_Adminhtml_ProductsellerController->editAction()
#15 C:\xampp\htdocs\1SBMagento\app\code\core\Mage\Core\Controller\Varien\Router\Standard.php(254): Mage_Core_Controller_Varien_Action->dispatch('edit')
#16 C:\xampp\htdocs\1SBMagento\app\code\core\Mage\Core\Controller\Varien\Front.php(172): Mage_Core_Controller_Varien_Router_Standard->match(Object(Mage_Core_Controller_Request_Http))
#17 C:\xampp\htdocs\1SBMagento\app\code\core\Mage\Core\Model\App.php(365): Mage_Core_Controller_Varien_Front->dispatch()
#18 C:\xampp\htdocs\1SBMagento\app\Mage.php(686): Mage_Core_Model_App->run(Array)
#19 C:\xampp\htdocs\1SBMagento\index.php(83): Mage::run('', 'store')
#20 {main}
2024-05-23T05:29:46+00:00 ERR (3): 
Mage_Core_Exception: Invalid block type: Ccc_Productseller_Block_Productseller_Edit_Form in C:\xampp\htdocs\1SBMagento\app\Mage.php:598
Stack trace:
#0 C:\xampp\htdocs\1SBMagento\app\code\core\Mage\Core\Model\Layout.php(495): Mage::throwException('Invalid block t...')
#1 C:\xampp\htdocs\1SBMagento\app\code\core\Mage\Core\Model\Layout.php(437): Mage_Core_Model_Layout->_getBlockInstance('Ccc_Productsell...', Array)
#2 C:\xampp\htdocs\1SBMagento\app\code\core\Mage\Adminhtml\Block\Widget\Form\Container.php(92): Mage_Core_Model_Layout->createBlock('productseller/p...')
#3 C:\xampp\htdocs\1SBMagento\app\code\core\Mage\Core\Block\Abstract.php(297): Mage_Adminhtml_Block_Widget_Form_Container->_prepareLayout()
#4 C:\xampp\htdocs\1SBMagento\app\code\core\Mage\Core\Model\Layout.php(456): Mage_Core_Block_Abstract->setLayout(Object(Mage_Core_Model_Layout))
#5 C:\xampp\htdocs\1SBMagento\app\code\core\Mage\Core\Model\Layout.php(472): Mage_Core_Model_Layout->createBlock('productseller/a...', 'productseller_e...')
#6 C:\xampp\htdocs\1SBMagento\app\code\core\Mage\Core\Model\Layout.php(239): Mage_Core_Model_Layout->addBlock('productseller/a...', 'productseller_e...')
#7 C:\xampp\htdocs\1SBMagento\app\code\core\Mage\Core\Model\Layout.php(205): Mage_Core_Model_Layout->_generateBlock(Object(Mage_Core_Model_Layout_Element), Object(Mage_Core_Model_Layout_Element))
#8 C:\xampp\htdocs\1SBMagento\app\code\core\Mage\Core\Model\Layout.php(210): Mage_Core_Model_Layout->generateBlocks(Object(Mage_Core_Model_Layout_Element))
#9 C:\xampp\htdocs\1SBMagento\app\code\core\Mage\Core\Controller\Varien\Action.php(344): Mage_Core_Model_Layout->generateBlocks()
#10 C:\xampp\htdocs\1SBMagento\app\code\core\Mage\Core\Controller\Varien\Action.php(269): Mage_Core_Controller_Varien_Action->generateLayoutBlocks()
#11 C:\xampp\htdocs\1SBMagento\app\code\core\Mage\Adminhtml\Controller\Action.php(285): Mage_Core_Controller_Varien_Action->loadLayout(NULL, true, true)
#12 C:\xampp\htdocs\1SBMagento\app\code\local\Ccc\Productseller\controllers\Adminhtml\ProductsellerController.php(8): Mage_Adminhtml_Controller_Action->loadLayout()
#13 C:\xampp\htdocs\1SBMagento\app\code\local\Ccc\Productseller\controllers\Adminhtml\ProductsellerController.php(115): Ccc_Productseller_Adminhtml_ProductsellerController->_initAction()
#14 C:\xampp\htdocs\1SBMagento\app\code\core\Mage\Core\Controller\Varien\Action.php(418): Ccc_Productseller_Adminhtml_ProductsellerController->editAction()
#15 C:\xampp\htdocs\1SBMagento\app\code\core\Mage\Core\Controller\Varien\Router\Standard.php(254): Mage_Core_Controller_Varien_Action->dispatch('edit')
#16 C:\xampp\htdocs\1SBMagento\app\code\core\Mage\Core\Controller\Varien\Front.php(172): Mage_Core_Controller_Varien_Router_Standard->match(Object(Mage_Core_Controller_Request_Http))
#17 C:\xampp\htdocs\1SBMagento\app\code\core\Mage\Core\Model\App.php(365): Mage_Core_Controller_Varien_Front->dispatch()
#18 C:\xampp\htdocs\1SBMagento\app\Mage.php(686): Mage_Core_Model_App->run(Array)
#19 C:\xampp\htdocs\1SBMagento\index.php(83): Mage::run('', 'store')
#20 {main}
2024-05-23T05:29:58+00:00 ERR (3): 
Mage_Core_Exception: Invalid block type: Mage_Ccc_Productseller_Block_Adminhtml_Productseller_Edit_Form in C:\xampp\htdocs\1SBMagento\app\Mage.php:598
Stack trace:
#0 C:\xampp\htdocs\1SBMagento\app\code\core\Mage\Core\Model\Layout.php(495): Mage::throwException('Invalid block t...')
#1 C:\xampp\htdocs\1SBMagento\app\code\core\Mage\Core\Model\Layout.php(437): Mage_Core_Model_Layout->_getBlockInstance('Mage_Ccc_Produc...', Array)
#2 C:\xampp\htdocs\1SBMagento\app\code\core\Mage\Adminhtml\Block\Widget\Form\Container.php(92): Mage_Core_Model_Layout->createBlock('ccc_productsell...')
#3 C:\xampp\htdocs\1SBMagento\app\code\core\Mage\Core\Block\Abstract.php(297): Mage_Adminhtml_Block_Widget_Form_Container->_prepareLayout()
#4 C:\xampp\htdocs\1SBMagento\app\code\core\Mage\Core\Model\Layout.php(456): Mage_Core_Block_Abstract->setLayout(Object(Mage_Core_Model_Layout))
#5 C:\xampp\htdocs\1SBMagento\app\code\core\Mage\Core\Model\Layout.php(472): Mage_Core_Model_Layout->createBlock('productseller/a...', 'productseller_e...')
#6 C:\xampp\htdocs\1SBMagento\app\code\core\Mage\Core\Model\Layout.php(239): Mage_Core_Model_Layout->addBlock('productseller/a...', 'productseller_e...')
#7 C:\xampp\htdocs\1SBMagento\app\code\core\Mage\Core\Model\Layout.php(205): Mage_Core_Model_Layout->_generateBlock(Object(Mage_Core_Model_Layout_Element), Object(Mage_Core_Model_Layout_Element))
#8 C:\xampp\htdocs\1SBMagento\app\code\core\Mage\Core\Model\Layout.php(210): Mage_Core_Model_Layout->generateBlocks(Object(Mage_Core_Model_Layout_Element))
#9 C:\xampp\htdocs\1SBMagento\app\code\core\Mage\Core\Controller\Varien\Action.php(344): Mage_Core_Model_Layout->generateBlocks()
#10 C:\xampp\htdocs\1SBMagento\app\code\core\Mage\Core\Controller\Varien\Action.php(269): Mage_Core_Controller_Varien_Action->generateLayoutBlocks()
#11 C:\xampp\htdocs\1SBMagento\app\code\core\Mage\Adminhtml\Controller\Action.php(285): Mage_Core_Controller_Varien_Action->loadLayout(NULL, true, true)
#12 C:\xampp\htdocs\1SBMagento\app\code\local\Ccc\Productseller\controllers\Adminhtml\ProductsellerController.php(8): Mage_Adminhtml_Controller_Action->loadLayout()
#13 C:\xampp\htdocs\1SBMagento\app\code\local\Ccc\Productseller\controllers\Adminhtml\ProductsellerController.php(115): Ccc_Productseller_Adminhtml_ProductsellerController->_initAction()
#14 C:\xampp\htdocs\1SBMagento\app\code\core\Mage\Core\Controller\Varien\Action.php(418): Ccc_Productseller_Adminhtml_ProductsellerController->editAction()
#15 C:\xampp\htdocs\1SBMagento\app\code\core\Mage\Core\Controller\Varien\Router\Standard.php(254): Mage_Core_Controller_Varien_Action->dispatch('edit')
#16 C:\xampp\htdocs\1SBMagento\app\code\core\Mage\Core\Controller\Varien\Front.php(172): Mage_Core_Controller_Varien_Router_Standard->match(Object(Mage_Core_Controller_Request_Http))
#17 C:\xampp\htdocs\1SBMagento\app\code\core\Mage\Core\Model\App.php(365): Mage_Core_Controller_Varien_Front->dispatch()
#18 C:\xampp\htdocs\1SBMagento\app\Mage.php(686): Mage_Core_Model_App->run(Array)
#19 C:\xampp\htdocs\1SBMagento\index.php(83): Mage::run('', 'store')
#20 {main}
2024-05-23T05:30:11+00:00 ERR (3): 
Mage_Core_Exception: Invalid block type: Ccc_Productseller_Block_Adminhtml_Productseller_Edit_Edit_Form in C:\xampp\htdocs\1SBMagento\app\Mage.php:598
Stack trace:
#0 C:\xampp\htdocs\1SBMagento\app\code\core\Mage\Core\Model\Layout.php(495): Mage::throwException('Invalid block t...')
#1 C:\xampp\htdocs\1SBMagento\app\code\core\Mage\Core\Model\Layout.php(437): Mage_Core_Model_Layout->_getBlockInstance('Ccc_Productsell...', Array)
#2 C:\xampp\htdocs\1SBMagento\app\code\core\Mage\Adminhtml\Block\Widget\Form\Container.php(92): Mage_Core_Model_Layout->createBlock('productseller/a...')
#3 C:\xampp\htdocs\1SBMagento\app\code\core\Mage\Core\Block\Abstract.php(297): Mage_Adminhtml_Block_Widget_Form_Container->_prepareLayout()
#4 C:\xampp\htdocs\1SBMagento\app\code\core\Mage\Core\Model\Layout.php(456): Mage_Core_Block_Abstract->setLayout(Object(Mage_Core_Model_Layout))
#5 C:\xampp\htdocs\1SBMagento\app\code\core\Mage\Core\Model\Layout.php(472): Mage_Core_Model_Layout->createBlock('productseller/a...', 'productseller_e...')
#6 C:\xampp\htdocs\1SBMagento\app\code\core\Mage\Core\Model\Layout.php(239): Mage_Core_Model_Layout->addBlock('productseller/a...', 'productseller_e...')
#7 C:\xampp\htdocs\1SBMagento\app\code\core\Mage\Core\Model\Layout.php(205): Mage_Core_Model_Layout->_generateBlock(Object(Mage_Core_Model_Layout_Element), Object(Mage_Core_Model_Layout_Element))
#8 C:\xampp\htdocs\1SBMagento\app\code\core\Mage\Core\Model\Layout.php(210): Mage_Core_Model_Layout->generateBlocks(Object(Mage_Core_Model_Layout_Element))
#9 C:\xampp\htdocs\1SBMagento\app\code\core\Mage\Core\Controller\Varien\Action.php(344): Mage_Core_Model_Layout->generateBlocks()
#10 C:\xampp\htdocs\1SBMagento\app\code\core\Mage\Core\Controller\Varien\Action.php(269): Mage_Core_Controller_Varien_Action->generateLayoutBlocks()
#11 C:\xampp\htdocs\1SBMagento\app\code\core\Mage\Adminhtml\Controller\Action.php(285): Mage_Core_Controller_Varien_Action->loadLayout(NULL, true, true)
#12 C:\xampp\htdocs\1SBMagento\app\code\local\Ccc\Productseller\controllers\Adminhtml\ProductsellerController.php(8): Mage_Adminhtml_Controller_Action->loadLayout()
#13 C:\xampp\htdocs\1SBMagento\app\code\local\Ccc\Productseller\controllers\Adminhtml\ProductsellerController.php(115): Ccc_Productseller_Adminhtml_ProductsellerController->_initAction()
#14 C:\xampp\htdocs\1SBMagento\app\code\core\Mage\Core\Controller\Varien\Action.php(418): Ccc_Productseller_Adminhtml_ProductsellerController->editAction()
#15 C:\xampp\htdocs\1SBMagento\app\code\core\Mage\Core\Controller\Varien\Router\Standard.php(254): Mage_Core_Controller_Varien_Action->dispatch('edit')
#16 C:\xampp\htdocs\1SBMagento\app\code\core\Mage\Core\Controller\Varien\Front.php(172): Mage_Core_Controller_Varien_Router_Standard->match(Object(Mage_Core_Controller_Request_Http))
#17 C:\xampp\htdocs\1SBMagento\app\code\core\Mage\Core\Model\App.php(365): Mage_Core_Controller_Varien_Front->dispatch()
#18 C:\xampp\htdocs\1SBMagento\app\Mage.php(686): Mage_Core_Model_App->run(Array)
#19 C:\xampp\htdocs\1SBMagento\index.php(83): Mage::run('', 'store')
#20 {main}
2024-05-23T05:30:16+00:00 ERR (3): 
Mage_Core_Exception: Invalid block type: Ccc_Productseller_Block_Adminhtml_Productseller_Edit_Form_Edit_Form in C:\xampp\htdocs\1SBMagento\app\Mage.php:598
Stack trace:
#0 C:\xampp\htdocs\1SBMagento\app\code\core\Mage\Core\Model\Layout.php(495): Mage::throwException('Invalid block t...')
#1 C:\xampp\htdocs\1SBMagento\app\code\core\Mage\Core\Model\Layout.php(437): Mage_Core_Model_Layout->_getBlockInstance('Ccc_Productsell...', Array)
#2 C:\xampp\htdocs\1SBMagento\app\code\core\Mage\Adminhtml\Block\Widget\Form\Container.php(92): Mage_Core_Model_Layout->createBlock('productseller/a...')
#3 C:\xampp\htdocs\1SBMagento\app\code\core\Mage\Core\Block\Abstract.php(297): Mage_Adminhtml_Block_Widget_Form_Container->_prepareLayout()
#4 C:\xampp\htdocs\1SBMagento\app\code\core\Mage\Core\Model\Layout.php(456): Mage_Core_Block_Abstract->setLayout(Object(Mage_Core_Model_Layout))
#5 C:\xampp\htdocs\1SBMagento\app\code\core\Mage\Core\Model\Layout.php(472): Mage_Core_Model_Layout->createBlock('productseller/a...', 'productseller_e...')
#6 C:\xampp\htdocs\1SBMagento\app\code\core\Mage\Core\Model\Layout.php(239): Mage_Core_Model_Layout->addBlock('productseller/a...', 'productseller_e...')
#7 C:\xampp\htdocs\1SBMagento\app\code\core\Mage\Core\Model\Layout.php(205): Mage_Core_Model_Layout->_generateBlock(Object(Mage_Core_Model_Layout_Element), Object(Mage_Core_Model_Layout_Element))
#8 C:\xampp\htdocs\1SBMagento\app\code\core\Mage\Core\Model\Layout.php(210): Mage_Core_Model_Layout->generateBlocks(Object(Mage_Core_Model_Layout_Element))
#9 C:\xampp\htdocs\1SBMagento\app\code\core\Mage\Core\Controller\Varien\Action.php(344): Mage_Core_Model_Layout->generateBlocks()
#10 C:\xampp\htdocs\1SBMagento\app\code\core\Mage\Core\Controller\Varien\Action.php(269): Mage_Core_Controller_Varien_Action->generateLayoutBlocks()
#11 C:\xampp\htdocs\1SBMagento\app\code\core\Mage\Adminhtml\Controller\Action.php(285): Mage_Core_Controller_Varien_Action->loadLayout(NULL, true, true)
#12 C:\xampp\htdocs\1SBMagento\app\code\local\Ccc\Productseller\controllers\Adminhtml\ProductsellerController.php(8): Mage_Adminhtml_Controller_Action->loadLayout()
#13 C:\xampp\htdocs\1SBMagento\app\code\local\Ccc\Productseller\controllers\Adminhtml\ProductsellerController.php(115): Ccc_Productseller_Adminhtml_ProductsellerController->_initAction()
#14 C:\xampp\htdocs\1SBMagento\app\code\core\Mage\Core\Controller\Varien\Action.php(418): Ccc_Productseller_Adminhtml_ProductsellerController->editAction()
#15 C:\xampp\htdocs\1SBMagento\app\code\core\Mage\Core\Controller\Varien\Router\Standard.php(254): Mage_Core_Controller_Varien_Action->dispatch('edit')
#16 C:\xampp\htdocs\1SBMagento\app\code\core\Mage\Core\Controller\Varien\Front.php(172): Mage_Core_Controller_Varien_Router_Standard->match(Object(Mage_Core_Controller_Request_Http))
#17 C:\xampp\htdocs\1SBMagento\app\code\core\Mage\Core\Model\App.php(365): Mage_Core_Controller_Varien_Front->dispatch()
#18 C:\xampp\htdocs\1SBMagento\app\Mage.php(686): Mage_Core_Model_App->run(Array)
#19 C:\xampp\htdocs\1SBMagento\index.php(83): Mage::run('', 'store')
#20 {main}
