2024-04-10T11:14:55+00:00 DEBUG (7): Security problem: cms/block has not been whitelisted.
2024-04-10T11:14:55+00:00 DEBUG (7): Security problem: cms/block has not been whitelisted.
2024-04-10T11:15:05+00:00 DEBUG (7): Security problem: cms/block has not been whitelisted.
2024-04-10T11:15:05+00:00 DEBUG (7): Security problem: cms/block has not been whitelisted.
2024-04-11T04:34:08+00:00 DEBUG (7): Security problem: cms/block has not been whitelisted.
2024-04-11T04:34:08+00:00 DEBUG (7): Security problem: cms/block has not been whitelisted.
2024-04-11T04:34:08+00:00 DEBUG (7): Security problem: cms/block has not been whitelisted.
2024-04-11T04:34:14+00:00 DEBUG (7): Security problem: cms/block has not been whitelisted.
2024-04-11T04:34:14+00:00 DEBUG (7): Security problem: cms/block has not been whitelisted.
2024-04-11T04:34:14+00:00 DEBUG (7): Security problem: cms/block has not been whitelisted.
2024-04-11T04:47:15+00:00 DEBUG (7): Security problem: cms/block has not been whitelisted.
2024-04-11T04:47:15+00:00 DEBUG (7): Security problem: cms/block has not been whitelisted.
2024-04-11T04:49:27+00:00 DEBUG (7): Security problem: cms/block has not been whitelisted.
2024-04-11T04:49:27+00:00 DEBUG (7): Security problem: cms/block has not been whitelisted.
2024-04-11T04:49:27+00:00 DEBUG (7): Security problem: cms/block has not been whitelisted.
2024-04-11T04:54:55+00:00 DEBUG (7): Security problem: cms/block has not been whitelisted.
2024-04-11T04:54:55+00:00 DEBUG (7): Security problem: cms/block has not been whitelisted.
2024-04-11T04:54:55+00:00 DEBUG (7): Security problem: cms/block has not been whitelisted.
2024-04-11T08:11:52+00:00 DEBUG (7): Security problem: cms/block has not been whitelisted.
2024-04-11T08:11:52+00:00 DEBUG (7): Security problem: cms/block has not been whitelisted.
2024-04-11T08:12:27+00:00 DEBUG (7): Security problem: cms/block has not been whitelisted.
2024-04-11T08:12:27+00:00 DEBUG (7): Security problem: cms/block has not been whitelisted.
2024-04-11T08:14:19+00:00 DEBUG (7): Security problem: cms/block has not been whitelisted.
2024-04-11T08:14:19+00:00 DEBUG (7): Security problem: cms/block has not been whitelisted.
2024-04-11T13:02:34+00:00 CRIT (2): Not valid template file:adminhtml\base\default\template\banner/container.phtml
2024-04-15T06:37:52+00:00 CRIT (2): Not valid template file:adminhtml\base\default\template\configuration/grid.phtml
2024-04-15T07:14:29+00:00 CRIT (2): Not valid template file:adminhtml\base\default\template\configuration/grid.phtml
2024-04-15T07:20:08+00:00 CRIT (2): Not valid template file:adminhtml\base\default\template\configuration/grid.phtml
2024-04-15T07:20:26+00:00 CRIT (2): Not valid template file:adminhtml\base\default\template\configuration/grid.phtml
2024-04-15T07:26:36+00:00 CRIT (2): Not valid template file:adminhtml\base\default\template\configuration/grid.phtml
2024-04-15T07:35:47+00:00 CRIT (2): Not valid template file:adminhtml\base\default\template\configuration/grid.phtml
2024-04-15T07:47:54+00:00 CRIT (2): Not valid template file:adminhtml\base\default\template\configuration/grid.phtml
2024-04-15T07:52:41+00:00 CRIT (2): Not valid template file:adminhtml\base\default\template\configuration/grid.phtml
2024-04-15T07:56:30+00:00 CRIT (2): Not valid template file:adminhtml\base\default\template\configuration/grid.phtml
2024-04-15T07:56:48+00:00 CRIT (2): Not valid template file:adminhtml\base\default\template\configuration/grid.phtml
2024-04-15T07:57:05+00:00 CRIT (2): Not valid template file:adminhtml\base\default\template\configuration/grid.phtml
2024-04-15T08:00:20+00:00 CRIT (2): Not valid template file:adminhtml\base\default\template\configuration/grid.phtml
2024-04-15T12:23:20+00:00 DEBUG (7): Security problem: cms/block has not been whitelisted.
2024-04-15T12:23:20+00:00 DEBUG (7): Security problem: cms/block has not been whitelisted.
2024-04-16T04:42:59+00:00 CRIT (2): Not valid template file:adminhtml\base\default\template\vendorinventory/vendorinventory.phtml
2024-04-25T05:17:56+00:00 DEBUG (7): HEADERS ALREADY SENT: \<pre>[0] C:\xampp\htdocs\1SBMagento\app\code\core\Mage\Core\Controller\Response\Http.php:52
[1] C:\xampp\htdocs\1SBMagento\lib\Zend\Controller\Response\Abstract.php:768
[2] C:\xampp\htdocs\1SBMagento\app\code\core\Mage\Core\Controller\Response\Http.php:84
[3] C:\xampp\htdocs\1SBMagento\app\code\core\Mage\Core\Controller\Varien\Front.php:184
[4] C:\xampp\htdocs\1SBMagento\app\code\core\Mage\Core\Model\App.php:365
[5] C:\xampp\htdocs\1SBMagento\app\Mage.php:686
[6] C:\xampp\htdocs\1SBMagento\index.php:83
\</pre>
2024-05-03T05:25:51+00:00 DEBUG (7): Security problem: cms/block has not been whitelisted.
2024-05-03T05:25:51+00:00 DEBUG (7): Security problem: cms/block has not been whitelisted.
